Performing C SOURCE FILE Test CMAKE_HAVE_LIBC_PTHREAD failed with the following output:
Change Dir: /gongenlei/fast_tr/PaddleNLP/paddlenlp/ops/build/CMakeFiles/CMakeTmp

Run Build Command(s):/usr/bin/make cmTC_09ca1/fast && /usr/bin/make -f CMakeFiles/cmTC_09ca1.dir/build.make CMakeFiles/cmTC_09ca1.dir/build
make[1]: Entering directory '/gongenlei/fast_tr/PaddleNLP/paddlenlp/ops/build/CMakeFiles/CMakeTmp'
Building C object CMakeFiles/cmTC_09ca1.dir/src.c.o
/usr/bin/cc   -fPIC -DCMAKE_HAVE_LIBC_PTHREAD   -o CMakeFiles/cmTC_09ca1.dir/src.c.o   -c /gongenlei/fast_tr/PaddleNLP/paddlenlp/ops/build/CMakeFiles/CMakeTmp/src.c
Linking C executable cmTC_09ca1
/home/cmake-3.16.0-Linux-x86_64/bin/cmake -E cmake_link_script CMakeFiles/cmTC_09ca1.dir/link.txt --verbose=1
/usr/bin/cc -fPIC -DCMAKE_HAVE_LIBC_PTHREAD    CMakeFiles/cmTC_09ca1.dir/src.c.o  -o cmTC_09ca1 
CMakeFiles/cmTC_09ca1.dir/src.c.o: In function `main':
src.c:(.text+0x2f): undefined reference to `pthread_create'
src.c:(.text+0x3b): undefined reference to `pthread_detach'
src.c:(.text+0x4c): undefined reference to `pthread_join'
src.c:(.text+0x60): undefined reference to `pthread_atfork'
collect2: error: ld returned 1 exit status
CMakeFiles/cmTC_09ca1.dir/build.make:86: recipe for target 'cmTC_09ca1' failed
make[1]: *** [cmTC_09ca1] Error 1
make[1]: Leaving directory '/gongenlei/fast_tr/PaddleNLP/paddlenlp/ops/build/CMakeFiles/CMakeTmp'
Makefile:121: recipe for target 'cmTC_09ca1/fast' failed
make: *** [cmTC_09ca1/fast] Error 2


Source file was:
#include <pthread.h>

void* test_func(void* data)
{
  return data;
}

int main(void)
{
  pthread_t thread;
  pthread_create(&thread, NULL, test_func, NULL);
  pthread_detach(thread);
  pthread_join(thread, NULL);
  pthread_atfork(NULL, NULL, NULL);
  pthread_exit(NULL);

  return 0;
}

Determining if the function pthread_create exists in the pthreads failed with the following output:
Change Dir: /gongenlei/fast_tr/PaddleNLP/paddlenlp/ops/build/CMakeFiles/CMakeTmp

Run Build Command(s):/usr/bin/make cmTC_cd00f/fast && /usr/bin/make -f CMakeFiles/cmTC_cd00f.dir/build.make CMakeFiles/cmTC_cd00f.dir/build
make[1]: Entering directory '/gongenlei/fast_tr/PaddleNLP/paddlenlp/ops/build/CMakeFiles/CMakeTmp'
Building C object CMakeFiles/cmTC_cd00f.dir/CheckFunctionExists.c.o
/usr/bin/cc   -fPIC -DCHECK_FUNCTION_EXISTS=pthread_create   -o CMakeFiles/cmTC_cd00f.dir/CheckFunctionExists.c.o   -c /home/cmake-3.16.0-Linux-x86_64/share/cmake-3.16/Modules/CheckFunctionExists.c
Linking C executable cmTC_cd00f
/home/cmake-3.16.0-Linux-x86_64/bin/cmake -E cmake_link_script CMakeFiles/cmTC_cd00f.dir/link.txt --verbose=1
/usr/bin/cc -fPIC -DCHECK_FUNCTION_EXISTS=pthread_create    CMakeFiles/cmTC_cd00f.dir/CheckFunctionExists.c.o  -o cmTC_cd00f  -lpthreads 
/usr/local/bin/ld: cannot find -lpthreads
collect2: error: ld returned 1 exit status
CMakeFiles/cmTC_cd00f.dir/build.make:86: recipe for target 'cmTC_cd00f' failed
make[1]: *** [cmTC_cd00f] Error 1
make[1]: Leaving directory '/gongenlei/fast_tr/PaddleNLP/paddlenlp/ops/build/CMakeFiles/CMakeTmp'
Makefile:121: recipe for target 'cmTC_cd00f/fast' failed
make: *** [cmTC_cd00f/fast] Error 2



